2021-12-17 11:28:46.655 [info] <0.44.0> Application lager started on node nonode@nohost
2021-12-17 11:28:46.667 [info] <0.44.0> Application xmerl started on node nonode@nohost
2021-12-17 11:28:46.685 [info] <0.44.0> Application sasl started on node nonode@nohost
2021-12-17 11:28:46.685 [info] <0.44.0> Application tools started on node nonode@nohost
2021-12-17 11:28:46.686 [info] <0.44.0> Application jsx started on node nonode@nohost
2021-12-17 11:28:46.686 [info] <0.44.0> Application recon started on node nonode@nohost
2021-12-17 11:28:46.811 [info] <0.44.0> Application credentials_obfuscation started on node nonode@nohost
2021-12-17 11:28:46.811 [info] <0.44.0> Application rabbit_common started on node nonode@nohost
2021-12-17 11:28:46.859 [info] <0.44.0> Application amqp_client started on node nonode@nohost
2021-12-17 11:28:46.873 [info] <0.44.0> Application amqp started on node nonode@nohost
2021-12-17 11:28:46.873 [info] <0.44.0> Application eex started on node nonode@nohost
2021-12-17 11:28:46.910 [info] <0.44.0> Application mime started on node nonode@nohost
2021-12-17 11:28:46.921 [info] <0.44.0> Application plug_crypto started on node nonode@nohost
2021-12-17 11:28:46.946 [info] <0.44.0> Application telemetry started on node nonode@nohost
2021-12-17 11:28:46.958 [info] <0.44.0> Application plug started on node nonode@nohost
2021-12-17 11:28:46.976 [info] <0.44.0> Application phoenix_pubsub started on node nonode@nohost
2021-12-17 11:28:46.976 [info] <0.44.0> Application phoenix_view started on node nonode@nohost
2021-12-17 11:28:47.034 [info] <0.44.0> Application phoenix started on node nonode@nohost
2021-12-17 11:28:47.036 [info] <0.44.0> Application decimal started on node nonode@nohost
2021-12-17 11:28:47.052 [info] <0.44.0> Application ecto started on node nonode@nohost
2021-12-17 11:28:47.058 [info] <0.44.0> Application phoenix_ecto started on node nonode@nohost
2021-12-17 11:28:47.059 [info] <0.44.0> Application connection started on node nonode@nohost
2021-12-17 11:28:47.115 [info] <0.44.0> Application db_connection started on node nonode@nohost
2021-12-17 11:28:47.127 [info] <0.44.0> Application ecto_sql started on node nonode@nohost
2021-12-17 11:28:47.214 [info] <0.44.0> Application postgrex started on node nonode@nohost
2021-12-17 11:28:47.214 [info] <0.44.0> Application phoenix_html started on node nonode@nohost
2021-12-17 11:28:47.235 [info] <0.44.0> Application phoenix_live_view started on node nonode@nohost
2021-12-17 11:28:47.236 [info] <0.44.0> Application telemetry_metrics started on node nonode@nohost
2021-12-17 11:28:47.262 [info] <0.44.0> Application phoenix_live_dashboard started on node nonode@nohost
2021-12-17 11:28:47.263 [info] <0.44.0> Application jason started on node nonode@nohost
2021-12-17 11:28:47.295 [error] <0.598.0> CRASH REPORT Process <0.598.0> with 0 neighbours exited with reason: #{'__exception__' => true,'__struct__' => 'Elixir.RuntimeError',message => <<"missing hackney dependency">>} in 'Elixir.Swoosh.ApiClient.Hackney':init/0 line 26 in application_master:init/4 line 142
2021-12-17 11:28:47.295 [info] <0.44.0> Application swoosh exited with reason: #{'__exception__' => true,'__struct__' => 'Elixir.RuntimeError',message => <<"missing hackney dependency">>} in 'Elixir.Swoosh.ApiClient.Hackney':init/0 line 26
2021-12-17 11:28:47.295 [info] <0.44.0> Application jason exited with reason: stopped
2021-12-17 11:28:47.307 [info] <0.44.0> Application phoenix_live_dashboard exited with reason: stopped
2021-12-17 11:28:47.307 [info] <0.44.0> Application telemetry_metrics exited with reason: stopped
2021-12-17 11:28:47.310 [info] <0.44.0> Application phoenix_live_view exited with reason: stopped
2021-12-17 11:28:47.310 [info] <0.44.0> Application phoenix_html exited with reason: stopped
2021-12-17 11:28:47.313 [info] <0.44.0> Application postgrex exited with reason: stopped
2021-12-17 11:28:47.315 [info] <0.44.0> Application ecto_sql exited with reason: stopped
2021-12-17 11:28:47.319 [info] <0.44.0> Application db_connection exited with reason: stopped
2021-12-17 11:28:47.320 [info] <0.44.0> Application connection exited with reason: stopped
2021-12-17 11:28:47.322 [info] <0.44.0> Application phoenix_ecto exited with reason: stopped
2021-12-17 11:28:47.324 [info] <0.44.0> Application ecto exited with reason: stopped
2021-12-17 11:28:47.324 [info] <0.44.0> Application decimal exited with reason: stopped
2021-12-17 11:28:47.327 [info] <0.44.0> Application phoenix exited with reason: stopped
2021-12-17 11:28:47.327 [info] <0.44.0> Application phoenix_view exited with reason: stopped
2021-12-17 11:28:47.328 [info] <0.44.0> Application phoenix_pubsub exited with reason: stopped
2021-12-17 11:28:47.333 [info] <0.44.0> Application plug exited with reason: stopped
2021-12-17 11:28:47.337 [info] <0.44.0> Application telemetry exited with reason: stopped
2021-12-17 11:28:47.339 [info] <0.44.0> Application plug_crypto exited with reason: stopped
2021-12-17 11:28:47.341 [info] <0.44.0> Application mime exited with reason: stopped
2021-12-17 11:28:47.341 [info] <0.44.0> Application eex exited with reason: stopped
2021-12-17 11:28:47.342 [info] <0.44.0> Application amqp exited with reason: stopped
2021-12-17 11:28:47.383 [info] <0.44.0> Application amqp_client exited with reason: stopped
2021-12-17 11:28:47.383 [info] <0.44.0> Application rabbit_common exited with reason: stopped
2021-12-17 11:28:47.385 [info] <0.44.0> Application credentials_obfuscation exited with reason: stopped
2021-12-17 11:28:47.385 [info] <0.44.0> Application recon exited with reason: stopped
2021-12-17 11:28:47.385 [info] <0.44.0> Application jsx exited with reason: stopped
2021-12-17 11:28:47.385 [info] <0.44.0> Application tools exited with reason: stopped
2021-12-17 11:28:47.387 [info] <0.44.0> Application sasl exited with reason: stopped
2021-12-17 11:29:08.696 [info] <0.44.0> Application lager started on node nonode@nohost
2021-12-17 11:29:08.705 [info] <0.44.0> Application xmerl started on node nonode@nohost
2021-12-17 11:29:08.719 [info] <0.44.0> Application sasl started on node nonode@nohost
2021-12-17 11:29:08.720 [info] <0.44.0> Application tools started on node nonode@nohost
2021-12-17 11:29:08.720 [info] <0.44.0> Application jsx started on node nonode@nohost
2021-12-17 11:29:08.720 [info] <0.44.0> Application recon started on node nonode@nohost
2021-12-17 11:29:08.842 [info] <0.44.0> Application credentials_obfuscation started on node nonode@nohost
2021-12-17 11:29:08.843 [info] <0.44.0> Application rabbit_common started on node nonode@nohost
2021-12-17 11:29:08.872 [info] <0.44.0> Application amqp_client started on node nonode@nohost
2021-12-17 11:29:08.882 [info] <0.44.0> Application amqp started on node nonode@nohost
2021-12-17 11:29:08.882 [info] <0.44.0> Application eex started on node nonode@nohost
2021-12-17 11:29:08.907 [info] <0.44.0> Application mime started on node nonode@nohost
2021-12-17 11:29:08.911 [info] <0.44.0> Application plug_crypto started on node nonode@nohost
2021-12-17 11:29:08.923 [info] <0.44.0> Application telemetry started on node nonode@nohost
2021-12-17 11:29:08.931 [info] <0.44.0> Application plug started on node nonode@nohost
2021-12-17 11:29:08.940 [info] <0.44.0> Application phoenix_pubsub started on node nonode@nohost
2021-12-17 11:29:08.941 [info] <0.44.0> Application phoenix_view started on node nonode@nohost
2021-12-17 11:29:08.970 [info] <0.44.0> Application phoenix started on node nonode@nohost
2021-12-17 11:29:08.970 [info] <0.44.0> Application decimal started on node nonode@nohost
2021-12-17 11:29:08.977 [info] <0.44.0> Application ecto started on node nonode@nohost
2021-12-17 11:29:08.982 [info] <0.44.0> Application phoenix_ecto started on node nonode@nohost
2021-12-17 11:29:08.982 [info] <0.44.0> Application connection started on node nonode@nohost
2021-12-17 11:29:08.999 [info] <0.44.0> Application db_connection started on node nonode@nohost
2021-12-17 11:29:09.003 [info] <0.44.0> Application ecto_sql started on node nonode@nohost
2021-12-17 11:29:09.040 [info] <0.44.0> Application postgrex started on node nonode@nohost
2021-12-17 11:29:09.040 [info] <0.44.0> Application phoenix_html started on node nonode@nohost
2021-12-17 11:29:09.045 [info] <0.44.0> Application phoenix_live_view started on node nonode@nohost
2021-12-17 11:29:09.045 [info] <0.44.0> Application telemetry_metrics started on node nonode@nohost
2021-12-17 11:29:09.058 [info] <0.44.0> Application phoenix_live_dashboard started on node nonode@nohost
2021-12-17 11:29:09.059 [info] <0.44.0> Application jason started on node nonode@nohost
2021-12-17 11:29:09.074 [error] <0.460.0> CRASH REPORT Process <0.460.0> with 0 neighbours exited with reason: #{'__exception__' => true,'__struct__' => 'Elixir.RuntimeError',message => <<"missing hackney dependency">>} in 'Elixir.Swoosh.ApiClient.Hackney':init/0 line 26 in application_master:init/4 line 142
2021-12-17 11:29:09.075 [info] <0.44.0> Application swoosh exited with reason: #{'__exception__' => true,'__struct__' => 'Elixir.RuntimeError',message => <<"missing hackney dependency">>} in 'Elixir.Swoosh.ApiClient.Hackney':init/0 line 26
2021-12-17 11:29:09.094 [info] <0.44.0> Application jason exited with reason: stopped
2021-12-17 11:29:09.096 [info] <0.44.0> Application phoenix_live_dashboard exited with reason: stopped
2021-12-17 11:29:09.096 [info] <0.44.0> Application telemetry_metrics exited with reason: stopped
2021-12-17 11:29:09.098 [info] <0.44.0> Application phoenix_live_view exited with reason: stopped
2021-12-17 11:29:09.098 [info] <0.44.0> Application phoenix_html exited with reason: stopped
2021-12-17 11:29:09.100 [info] <0.44.0> Application postgrex exited with reason: stopped
2021-12-17 11:29:09.101 [info] <0.44.0> Application ecto_sql exited with reason: stopped
2021-12-17 11:29:09.103 [info] <0.44.0> Application db_connection exited with reason: stopped
2021-12-17 11:29:09.103 [info] <0.44.0> Application connection exited with reason: stopped
2021-12-17 11:29:09.104 [info] <0.44.0> Application phoenix_ecto exited with reason: stopped
2021-12-17 11:29:09.105 [info] <0.44.0> Application ecto exited with reason: stopped
2021-12-17 11:29:09.105 [info] <0.44.0> Application decimal exited with reason: stopped
2021-12-17 11:29:09.107 [info] <0.44.0> Application phoenix exited with reason: stopped
2021-12-17 11:29:09.107 [info] <0.44.0> Application phoenix_view exited with reason: stopped
2021-12-17 11:29:09.108 [info] <0.44.0> Application phoenix_pubsub exited with reason: stopped
2021-12-17 11:29:09.111 [info] <0.44.0> Application plug exited with reason: stopped
2021-12-17 11:29:09.113 [info] <0.44.0> Application telemetry exited with reason: stopped
2021-12-17 11:29:09.115 [info] <0.44.0> Application plug_crypto exited with reason: stopped
2021-12-17 11:29:09.116 [info] <0.44.0> Application mime exited with reason: stopped
2021-12-17 11:29:09.116 [info] <0.44.0> Application eex exited with reason: stopped
2021-12-17 11:29:09.118 [info] <0.44.0> Application amqp exited with reason: stopped
2021-12-17 11:29:09.132 [info] <0.44.0> Application amqp_client exited with reason: stopped
2021-12-17 11:29:09.133 [info] <0.44.0> Application rabbit_common exited with reason: stopped
2021-12-17 11:29:09.134 [info] <0.44.0> Application credentials_obfuscation exited with reason: stopped
2021-12-17 11:29:09.134 [info] <0.44.0> Application recon exited with reason: stopped
2021-12-17 11:29:09.134 [info] <0.44.0> Application jsx exited with reason: stopped
2021-12-17 11:29:09.134 [info] <0.44.0> Application tools exited with reason: stopped
2021-12-17 11:29:09.136 [info] <0.44.0> Application sasl exited with reason: stopped
2021-12-17 11:29:09.136 [info] <0.44.0> Application xmerl exited with reason: stopped
2021-12-17 11:30:22.313 [info] <0.44.0> Application lager started on node nonode@nohost
2021-12-17 11:30:22.320 [info] <0.44.0> Application xmerl started on node nonode@nohost
2021-12-17 11:30:22.333 [info] <0.44.0> Application sasl started on node nonode@nohost
2021-12-17 11:30:22.333 [info] <0.44.0> Application tools started on node nonode@nohost
2021-12-17 11:30:22.334 [info] <0.44.0> Application jsx started on node nonode@nohost
2021-12-17 11:30:22.334 [info] <0.44.0> Application recon started on node nonode@nohost
2021-12-17 11:30:22.432 [info] <0.44.0> Application credentials_obfuscation started on node nonode@nohost
2021-12-17 11:30:22.433 [info] <0.44.0> Application rabbit_common started on node nonode@nohost
2021-12-17 11:30:22.453 [info] <0.44.0> Application amqp_client started on node nonode@nohost
2021-12-17 11:30:22.464 [info] <0.44.0> Application amqp started on node nonode@nohost
2021-12-17 11:30:22.464 [info] <0.44.0> Application eex started on node nonode@nohost
2021-12-17 11:30:22.489 [info] <0.44.0> Application mime started on node nonode@nohost
2021-12-17 11:30:22.494 [info] <0.44.0> Application plug_crypto started on node nonode@nohost
2021-12-17 11:30:22.503 [info] <0.44.0> Application telemetry started on node nonode@nohost
2021-12-17 11:30:22.510 [info] <0.44.0> Application plug started on node nonode@nohost
2021-12-17 11:30:22.529 [info] <0.44.0> Application phoenix_pubsub started on node nonode@nohost
2021-12-17 11:30:22.529 [info] <0.44.0> Application phoenix_view started on node nonode@nohost
2021-12-17 11:30:22.556 [info] <0.44.0> Application phoenix started on node nonode@nohost
2021-12-17 11:30:22.556 [info] <0.44.0> Application decimal started on node nonode@nohost
2021-12-17 11:30:22.566 [info] <0.44.0> Application ecto started on node nonode@nohost
2021-12-17 11:30:22.571 [info] <0.44.0> Application phoenix_ecto started on node nonode@nohost
2021-12-17 11:30:22.571 [info] <0.44.0> Application connection started on node nonode@nohost
2021-12-17 11:30:22.594 [info] <0.44.0> Application db_connection started on node nonode@nohost
2021-12-17 11:30:22.598 [info] <0.44.0> Application ecto_sql started on node nonode@nohost
2021-12-17 11:30:22.637 [info] <0.44.0> Application postgrex started on node nonode@nohost
2021-12-17 11:30:22.637 [info] <0.44.0> Application phoenix_html started on node nonode@nohost
2021-12-17 11:30:22.642 [info] <0.44.0> Application phoenix_live_view started on node nonode@nohost
2021-12-17 11:30:22.642 [info] <0.44.0> Application telemetry_metrics started on node nonode@nohost
2021-12-17 11:30:22.656 [info] <0.44.0> Application phoenix_live_dashboard started on node nonode@nohost
2021-12-17 11:30:22.657 [info] <0.44.0> Application jason started on node nonode@nohost
2021-12-17 11:30:22.690 [info] <0.44.0> Application swoosh started on node nonode@nohost
2021-12-17 11:30:22.734 [info] <0.44.0> Application telemetry_poller started on node nonode@nohost
2021-12-17 11:30:22.735 [info] <0.44.0> Application cowlib started on node nonode@nohost
2021-12-17 11:30:22.796 [info] <0.44.0> Application ranch started on node nonode@nohost
2021-12-17 11:30:22.820 [info] <0.44.0> Application cowboy started on node nonode@nohost
2021-12-17 11:30:22.821 [info] <0.44.0> Application cowboy_telemetry started on node nonode@nohost
2021-12-17 11:30:22.828 [info] <0.44.0> Application plug_cowboy started on node nonode@nohost
2021-12-17 11:30:22.829 [info] <0.44.0> Application ex_json_schema started on node nonode@nohost
2021-12-17 11:30:22.838 [info] <0.44.0> Application phoenix_swagger started on node nonode@nohost
2021-12-17 11:30:22.841 [info] <0.44.0> Application poison started on node nonode@nohost
2021-12-17 11:30:22.841 [info] <0.44.0> Application cors_plug started on node nonode@nohost
2021-12-17 11:30:23.106 [info] <0.44.0> Application hangman started on node nonode@nohost
2021-12-17 11:33:23.785 [info] <0.44.0> Application logger started on node nonode@nohost
2021-12-17 11:33:23.799 [info] <0.44.0> Application runtime_tools started on node nonode@nohost
2021-12-17 11:33:23.799 [info] <0.44.0> Application xmerl started on node nonode@nohost
2021-12-17 11:33:23.822 [info] <0.44.0> Application sasl started on node nonode@nohost
2021-12-17 11:33:23.822 [info] <0.44.0> Application tools started on node nonode@nohost
2021-12-17 11:33:23.822 [info] <0.44.0> Application jsx started on node nonode@nohost
2021-12-17 11:33:23.822 [info] <0.44.0> Application recon started on node nonode@nohost
2021-12-17 11:33:23.914 [info] <0.44.0> Application credentials_obfuscation started on node nonode@nohost
2021-12-17 11:33:23.914 [info] <0.44.0> Application rabbit_common started on node nonode@nohost
2021-12-17 11:33:23.947 [info] <0.44.0> Application amqp_client started on node nonode@nohost
2021-12-17 11:33:23.960 [info] <0.44.0> Application amqp started on node nonode@nohost
2021-12-17 11:33:23.960 [info] <0.44.0> Application eex started on node nonode@nohost
2021-12-17 11:33:23.984 [info] <0.44.0> Application mime started on node nonode@nohost
2021-12-17 11:33:23.988 [info] <0.44.0> Application plug_crypto started on node nonode@nohost
2021-12-17 11:33:24.008 [info] <0.44.0> Application telemetry started on node nonode@nohost
2021-12-17 11:33:24.016 [info] <0.44.0> Application plug started on node nonode@nohost
2021-12-17 11:33:24.026 [info] <0.44.0> Application phoenix_pubsub started on node nonode@nohost
2021-12-17 11:33:24.026 [info] <0.44.0> Application phoenix_view started on node nonode@nohost
2021-12-17 11:33:24.060 [info] <0.44.0> Application phoenix started on node nonode@nohost
2021-12-17 11:33:24.061 [info] <0.44.0> Application decimal started on node nonode@nohost
2021-12-17 11:33:24.076 [info] <0.44.0> Application ecto started on node nonode@nohost
2021-12-17 11:33:24.079 [info] <0.44.0> Application phoenix_ecto started on node nonode@nohost
2021-12-17 11:33:24.080 [info] <0.44.0> Application connection started on node nonode@nohost
2021-12-17 11:33:24.096 [info] <0.44.0> Application db_connection started on node nonode@nohost
2021-12-17 11:33:24.099 [info] <0.44.0> Application ecto_sql started on node nonode@nohost
2021-12-17 11:33:24.131 [info] <0.44.0> Application postgrex started on node nonode@nohost
2021-12-17 11:33:24.132 [info] <0.44.0> Application phoenix_html started on node nonode@nohost
2021-12-17 11:33:24.135 [info] <0.44.0> Application phoenix_live_view started on node nonode@nohost
2021-12-17 11:33:24.136 [info] <0.44.0> Application telemetry_metrics started on node nonode@nohost
2021-12-17 11:33:24.152 [info] <0.44.0> Application phoenix_live_dashboard started on node nonode@nohost
2021-12-17 11:33:24.152 [info] <0.44.0> Application jason started on node nonode@nohost
2021-12-17 11:33:24.169 [info] <0.44.0> Application swoosh started on node nonode@nohost
2021-12-17 11:33:24.197 [info] <0.44.0> Application telemetry_poller started on node nonode@nohost
2021-12-17 11:33:24.197 [info] <0.44.0> Application cowlib started on node nonode@nohost
2021-12-17 11:33:24.221 [info] <0.44.0> Application ranch started on node nonode@nohost
2021-12-17 11:33:24.233 [info] <0.44.0> Application cowboy started on node nonode@nohost
2021-12-17 11:33:24.234 [info] <0.44.0> Application cowboy_telemetry started on node nonode@nohost
2021-12-17 11:33:24.240 [info] <0.44.0> Application plug_cowboy started on node nonode@nohost
2021-12-17 11:33:24.240 [info] <0.44.0> Application ex_json_schema started on node nonode@nohost
2021-12-17 11:33:24.245 [info] <0.44.0> Application phoenix_swagger started on node nonode@nohost
2021-12-17 11:33:24.245 [info] <0.44.0> Application poison started on node nonode@nohost
2021-12-17 11:33:24.245 [info] <0.44.0> Application cors_plug started on node nonode@nohost
2021-12-17 11:33:24.245 [info] <0.44.0> Application json started on node nonode@nohost
2021-12-17 11:33:24.467 [info] <0.44.0> Application hangman started on node nonode@nohost
2021-12-17 11:39:21.256 [info] <0.44.0> Application logger started on node nonode@nohost
2021-12-17 11:39:21.281 [info] <0.44.0> Application runtime_tools started on node nonode@nohost
2021-12-17 11:39:21.281 [info] <0.44.0> Application xmerl started on node nonode@nohost
2021-12-17 11:39:21.312 [info] <0.44.0> Application sasl started on node nonode@nohost
2021-12-17 11:39:21.312 [info] <0.44.0> Application tools started on node nonode@nohost
2021-12-17 11:39:21.313 [info] <0.44.0> Application jsx started on node nonode@nohost
2021-12-17 11:39:21.313 [info] <0.44.0> Application recon started on node nonode@nohost
2021-12-17 11:39:21.518 [info] <0.44.0> Application credentials_obfuscation started on node nonode@nohost
2021-12-17 11:39:21.518 [info] <0.44.0> Application rabbit_common started on node nonode@nohost
2021-12-17 11:39:21.561 [info] <0.44.0> Application amqp_client started on node nonode@nohost
2021-12-17 11:39:21.608 [info] <0.44.0> Application amqp started on node nonode@nohost
2021-12-17 11:39:21.608 [info] <0.44.0> Application eex started on node nonode@nohost
2021-12-17 11:39:21.688 [info] <0.44.0> Application mime started on node nonode@nohost
2021-12-17 11:39:21.731 [info] <0.44.0> Application plug_crypto started on node nonode@nohost
2021-12-17 11:39:21.779 [info] <0.44.0> Application telemetry started on node nonode@nohost
2021-12-17 11:39:21.810 [info] <0.44.0> Application plug started on node nonode@nohost
2021-12-17 11:39:21.848 [info] <0.44.0> Application phoenix_pubsub started on node nonode@nohost
2021-12-17 11:39:21.848 [info] <0.44.0> Application phoenix_view started on node nonode@nohost
2021-12-17 11:39:21.953 [info] <0.44.0> Application phoenix started on node nonode@nohost
2021-12-17 11:39:21.954 [info] <0.44.0> Application decimal started on node nonode@nohost
2021-12-17 11:39:21.981 [info] <0.44.0> Application ecto started on node nonode@nohost
2021-12-17 11:39:21.996 [info] <0.44.0> Application phoenix_ecto started on node nonode@nohost
2021-12-17 11:39:21.997 [info] <0.44.0> Application connection started on node nonode@nohost
2021-12-17 11:39:22.054 [info] <0.44.0> Application db_connection started on node nonode@nohost
2021-12-17 11:39:22.071 [info] <0.44.0> Application ecto_sql started on node nonode@nohost
2021-12-17 11:39:22.160 [info] <0.44.0> Application postgrex started on node nonode@nohost
2021-12-17 11:39:22.164 [info] <0.44.0> Application phoenix_html started on node nonode@nohost
2021-12-17 11:39:22.176 [info] <0.44.0> Application phoenix_live_view started on node nonode@nohost
2021-12-17 11:39:22.177 [info] <0.44.0> Application telemetry_metrics started on node nonode@nohost
2021-12-17 11:39:22.219 [info] <0.44.0> Application phoenix_live_dashboard started on node nonode@nohost
2021-12-17 11:39:22.220 [info] <0.44.0> Application jason started on node nonode@nohost
2021-12-17 11:39:22.276 [info] <0.44.0> Application swoosh started on node nonode@nohost
2021-12-17 11:39:22.325 [info] <0.44.0> Application telemetry_poller started on node nonode@nohost
2021-12-17 11:39:22.326 [info] <0.44.0> Application cowlib started on node nonode@nohost
2021-12-17 11:39:22.445 [info] <0.44.0> Application ranch started on node nonode@nohost
2021-12-17 11:39:22.506 [info] <0.44.0> Application cowboy started on node nonode@nohost
2021-12-17 11:39:22.506 [info] <0.44.0> Application cowboy_telemetry started on node nonode@nohost
2021-12-17 11:39:22.514 [info] <0.44.0> Application plug_cowboy started on node nonode@nohost
2021-12-17 11:39:22.514 [info] <0.44.0> Application ex_json_schema started on node nonode@nohost
2021-12-17 11:39:22.515 [info] <0.44.0> Application phoenix_swagger started on node nonode@nohost
2021-12-17 11:39:22.515 [info] <0.44.0> Application poison started on node nonode@nohost
2021-12-17 11:39:22.515 [info] <0.44.0> Application cors_plug started on node nonode@nohost
2021-12-17 11:39:22.515 [info] <0.44.0> Application json started on node nonode@nohost
2021-12-17 11:39:23.272 [info] <0.44.0> Application hangman started on node nonode@nohost
2021-12-17 11:40:51.974 [error] <0.631.0> CRASH REPORT Process <0.631.0> with 0 neighbours exited with reason: {{{{#{'__exception__' => true,'__struct__' => 'Elixir.Phoenix.Router.NoRouteError',conn => #{'__struct__' => 'Elixir.Plug.Conn',adapter => {'Elixir.Plug.Cowboy.Conn',#{bindings => #{},body_length => 62,cert => undefined,has_body => true,has_read_body => true,headers => #{<<"accept">> => <<"*/*">>,<<"accept-encoding">> => <<"gzip, deflate, br">>,<<"authorization">> => <<"SFMyNTY.g2gDdAAAAAJkAAVlbWFpbG0AAAANanVhbkBtYWlsLmNvbWQAB3VzZXJfaWRhAW4GALK_ecl9AWIAAVGA.bYDTiz7hjhIiwy5Cs7L5aVubdj8i...">>,...},...}},...},...},...},...},...},...}
2021-12-17 11:40:52.128 [error] <0.631.0> Cowboy stream 1 with ranch listener 'Elixir.HangmanWeb.Endpoint.HTTP' and connection process <0.630.0> had its request process exit with reason: {{{#{'__exception__' => true,'__struct__' => 'Elixir.Phoenix.Router.NoRouteError',conn => #{'__struct__' => 'Elixir.Plug.Conn',adapter => {'Elixir.Plug.Cowboy.Conn',#{bindings => #{},body_length => 62,cert => undefined,has_body => true,has_read_body => true,headers => #{<<"accept">> => <<"*/*">>,<<"accept-encoding">> => <<"gzip, deflate, br">>,<<"authorization">> => <<"SFMyNTY.g2gDdAAAAAJkAAVlbWFpbG0AAAANanVhbkBtYWlsLmNvbWQAB3VzZXJfaWRhAW4GALK_ecl9AWIAAVGA.bYDTiz7hjhIiwy5Cs7L5aVubdj8i4d...">>,...},...}},...},...},...},...},...}
2021-12-17 11:42:47.065 [error] <0.653.0> CRASH REPORT Process <0.653.0> with 0 neighbours exited with reason: {{{{#{'__exception__' => true,'__struct__' => 'Elixir.Phoenix.Router.NoRouteError',conn => #{'__struct__' => 'Elixir.Plug.Conn',adapter => {'Elixir.Plug.Cowboy.Conn',#{bindings => #{},body_length => 62,cert => undefined,has_body => true,has_read_body => true,headers => #{<<"accept">> => <<"*/*">>,<<"accept-encoding">> => <<"gzip, deflate, br">>,<<"authorization">> => <<"SFMyNTY.g2gDdAAAAAJkAAVlbWFpbG0AAAANanVhbkBtYWlsLmNvbWQAB3VzZXJfaWRhAW4GALK_ecl9AWIAAVGA.bYDTiz7hjhIiwy5Cs7L5aVubdj8i...">>,...},...}},...},...},...},...},...},...}
2021-12-17 11:42:47.065 [error] <0.653.0> Cowboy stream 1 with ranch listener 'Elixir.HangmanWeb.Endpoint.HTTP' and connection process <0.652.0> had its request process exit with reason: {{{#{'__exception__' => true,'__struct__' => 'Elixir.Phoenix.Router.NoRouteError',conn => #{'__struct__' => 'Elixir.Plug.Conn',adapter => {'Elixir.Plug.Cowboy.Conn',#{bindings => #{},body_length => 62,cert => undefined,has_body => true,has_read_body => true,headers => #{<<"accept">> => <<"*/*">>,<<"accept-encoding">> => <<"gzip, deflate, br">>,<<"authorization">> => <<"SFMyNTY.g2gDdAAAAAJkAAVlbWFpbG0AAAANanVhbkBtYWlsLmNvbWQAB3VzZXJfaWRhAW4GALK_ecl9AWIAAVGA.bYDTiz7hjhIiwy5Cs7L5aVubdj8i4d...">>,...},...}},...},...},...},...},...}
2021-12-17 12:03:34.498 [info] <0.44.0> Application logger started on node nonode@nohost
2021-12-17 12:03:34.522 [info] <0.44.0> Application runtime_tools started on node nonode@nohost
2021-12-17 12:03:34.522 [info] <0.44.0> Application xmerl started on node nonode@nohost
2021-12-17 12:03:34.561 [info] <0.44.0> Application sasl started on node nonode@nohost
2021-12-17 12:03:34.562 [info] <0.44.0> Application tools started on node nonode@nohost
2021-12-17 12:03:34.562 [info] <0.44.0> Application jsx started on node nonode@nohost
2021-12-17 12:03:34.562 [info] <0.44.0> Application recon started on node nonode@nohost
2021-12-17 12:03:34.691 [info] <0.44.0> Application credentials_obfuscation started on node nonode@nohost
2021-12-17 12:03:34.691 [info] <0.44.0> Application rabbit_common started on node nonode@nohost
2021-12-17 12:03:34.751 [info] <0.44.0> Application amqp_client started on node nonode@nohost
2021-12-17 12:03:34.765 [info] <0.44.0> Application amqp started on node nonode@nohost
2021-12-17 12:03:34.766 [info] <0.44.0> Application eex started on node nonode@nohost
2021-12-17 12:03:34.800 [info] <0.44.0> Application mime started on node nonode@nohost
2021-12-17 12:03:34.805 [info] <0.44.0> Application plug_crypto started on node nonode@nohost
2021-12-17 12:03:34.823 [info] <0.44.0> Application telemetry started on node nonode@nohost
2021-12-17 12:03:34.841 [info] <0.44.0> Application plug started on node nonode@nohost
2021-12-17 12:03:34.855 [info] <0.44.0> Application phoenix_pubsub started on node nonode@nohost
2021-12-17 12:03:34.855 [info] <0.44.0> Application phoenix_view started on node nonode@nohost
2021-12-17 12:03:34.888 [info] <0.44.0> Application phoenix started on node nonode@nohost
2021-12-17 12:03:34.889 [info] <0.44.0> Application decimal started on node nonode@nohost
2021-12-17 12:03:34.914 [info] <0.44.0> Application ecto started on node nonode@nohost
2021-12-17 12:03:34.920 [info] <0.44.0> Application phoenix_ecto started on node nonode@nohost
2021-12-17 12:03:34.921 [info] <0.44.0> Application connection started on node nonode@nohost
2021-12-17 12:03:34.952 [info] <0.44.0> Application db_connection started on node nonode@nohost
2021-12-17 12:03:34.960 [info] <0.44.0> Application ecto_sql started on node nonode@nohost
2021-12-17 12:03:35.009 [info] <0.44.0> Application postgrex started on node nonode@nohost
2021-12-17 12:03:35.009 [info] <0.44.0> Application phoenix_html started on node nonode@nohost
2021-12-17 12:03:35.016 [info] <0.44.0> Application phoenix_live_view started on node nonode@nohost
2021-12-17 12:03:35.016 [info] <0.44.0> Application telemetry_metrics started on node nonode@nohost
2021-12-17 12:03:35.033 [info] <0.44.0> Application phoenix_live_dashboard started on node nonode@nohost
2021-12-17 12:03:35.033 [info] <0.44.0> Application jason started on node nonode@nohost
2021-12-17 12:03:35.055 [info] <0.44.0> Application swoosh started on node nonode@nohost
2021-12-17 12:03:35.109 [info] <0.44.0> Application telemetry_poller started on node nonode@nohost
2021-12-17 12:03:35.111 [info] <0.44.0> Application cowlib started on node nonode@nohost
2021-12-17 12:03:35.159 [info] <0.44.0> Application ranch started on node nonode@nohost
2021-12-17 12:03:35.188 [info] <0.44.0> Application cowboy started on node nonode@nohost
2021-12-17 12:03:35.188 [info] <0.44.0> Application cowboy_telemetry started on node nonode@nohost
2021-12-17 12:03:35.195 [info] <0.44.0> Application plug_cowboy started on node nonode@nohost
2021-12-17 12:03:35.196 [info] <0.44.0> Application ex_json_schema started on node nonode@nohost
2021-12-17 12:03:35.197 [info] <0.44.0> Application phoenix_swagger started on node nonode@nohost
2021-12-17 12:03:35.197 [info] <0.44.0> Application poison started on node nonode@nohost
2021-12-17 12:03:35.198 [info] <0.44.0> Application cors_plug started on node nonode@nohost
2021-12-17 12:03:35.198 [info] <0.44.0> Application json started on node nonode@nohost
2021-12-17 12:03:35.609 [info] <0.44.0> Application hangman started on node nonode@nohost
2021-12-17 12:04:29.345 [info] <0.44.0> Application logger started on node nonode@nohost
2021-12-17 12:04:29.362 [info] <0.44.0> Application runtime_tools started on node nonode@nohost
2021-12-17 12:04:29.362 [info] <0.44.0> Application xmerl started on node nonode@nohost
2021-12-17 12:04:29.387 [info] <0.44.0> Application sasl started on node nonode@nohost
2021-12-17 12:04:29.387 [info] <0.44.0> Application tools started on node nonode@nohost
2021-12-17 12:04:29.388 [info] <0.44.0> Application jsx started on node nonode@nohost
2021-12-17 12:04:29.388 [info] <0.44.0> Application recon started on node nonode@nohost
2021-12-17 12:04:29.490 [info] <0.44.0> Application credentials_obfuscation started on node nonode@nohost
2021-12-17 12:04:29.490 [info] <0.44.0> Application rabbit_common started on node nonode@nohost
2021-12-17 12:04:29.513 [info] <0.44.0> Application amqp_client started on node nonode@nohost
2021-12-17 12:04:29.524 [info] <0.44.0> Application amqp started on node nonode@nohost
2021-12-17 12:04:29.525 [info] <0.44.0> Application eex started on node nonode@nohost
2021-12-17 12:04:29.553 [info] <0.44.0> Application mime started on node nonode@nohost
2021-12-17 12:04:29.560 [info] <0.44.0> Application plug_crypto started on node nonode@nohost
2021-12-17 12:04:29.575 [info] <0.44.0> Application telemetry started on node nonode@nohost
2021-12-17 12:04:29.583 [info] <0.44.0> Application plug started on node nonode@nohost
2021-12-17 12:04:29.592 [info] <0.44.0> Application phoenix_pubsub started on node nonode@nohost
2021-12-17 12:04:29.592 [info] <0.44.0> Application phoenix_view started on node nonode@nohost
2021-12-17 12:04:29.634 [info] <0.44.0> Application phoenix started on node nonode@nohost
2021-12-17 12:04:29.635 [info] <0.44.0> Application decimal started on node nonode@nohost
2021-12-17 12:04:29.644 [info] <0.44.0> Application ecto started on node nonode@nohost
2021-12-17 12:04:29.649 [info] <0.44.0> Application phoenix_ecto started on node nonode@nohost
2021-12-17 12:04:29.650 [info] <0.44.0> Application connection started on node nonode@nohost
2021-12-17 12:04:29.673 [info] <0.44.0> Application db_connection started on node nonode@nohost
2021-12-17 12:04:29.679 [info] <0.44.0> Application ecto_sql started on node nonode@nohost
2021-12-17 12:04:29.741 [info] <0.44.0> Application postgrex started on node nonode@nohost
2021-12-17 12:04:29.742 [info] <0.44.0> Application phoenix_html started on node nonode@nohost
2021-12-17 12:04:29.748 [info] <0.44.0> Application phoenix_live_view started on node nonode@nohost
2021-12-17 12:04:29.749 [info] <0.44.0> Application telemetry_metrics started on node nonode@nohost
2021-12-17 12:04:29.768 [info] <0.44.0> Application phoenix_live_dashboard started on node nonode@nohost
2021-12-17 12:04:29.769 [info] <0.44.0> Application jason started on node nonode@nohost
2021-12-17 12:04:29.787 [info] <0.44.0> Application swoosh started on node nonode@nohost
2021-12-17 12:04:29.801 [info] <0.44.0> Application telemetry_poller started on node nonode@nohost
2021-12-17 12:04:29.801 [info] <0.44.0> Application cowlib started on node nonode@nohost
2021-12-17 12:04:29.821 [info] <0.44.0> Application ranch started on node nonode@nohost
2021-12-17 12:04:29.848 [info] <0.44.0> Application cowboy started on node nonode@nohost
2021-12-17 12:04:29.850 [info] <0.44.0> Application cowboy_telemetry started on node nonode@nohost
2021-12-17 12:04:29.860 [info] <0.44.0> Application plug_cowboy started on node nonode@nohost
2021-12-17 12:04:29.860 [info] <0.44.0> Application ex_json_schema started on node nonode@nohost
2021-12-17 12:04:29.870 [info] <0.44.0> Application phoenix_swagger started on node nonode@nohost
2021-12-17 12:04:29.870 [info] <0.44.0> Application poison started on node nonode@nohost
2021-12-17 12:04:29.872 [info] <0.44.0> Application cors_plug started on node nonode@nohost
2021-12-17 12:04:29.872 [info] <0.44.0> Application json started on node nonode@nohost
2021-12-17 12:04:30.186 [info] <0.44.0> Application hangman started on node nonode@nohost
2021-12-17 12:08:52.761 [info] <0.44.0> Application logger started on node nonode@nohost
2021-12-17 12:08:52.779 [info] <0.44.0> Application runtime_tools started on node nonode@nohost
2021-12-17 12:08:52.779 [info] <0.44.0> Application xmerl started on node nonode@nohost
2021-12-17 12:08:52.808 [info] <0.44.0> Application sasl started on node nonode@nohost
2021-12-17 12:08:52.808 [info] <0.44.0> Application tools started on node nonode@nohost
2021-12-17 12:08:52.809 [info] <0.44.0> Application jsx started on node nonode@nohost
2021-12-17 12:08:52.809 [info] <0.44.0> Application recon started on node nonode@nohost
2021-12-17 12:08:52.920 [info] <0.44.0> Application credentials_obfuscation started on node nonode@nohost
2021-12-17 12:08:52.920 [info] <0.44.0> Application rabbit_common started on node nonode@nohost
2021-12-17 12:08:52.943 [info] <0.44.0> Application amqp_client started on node nonode@nohost
2021-12-17 12:08:52.959 [info] <0.44.0> Application amqp started on node nonode@nohost
2021-12-17 12:08:52.959 [info] <0.44.0> Application eex started on node nonode@nohost
2021-12-17 12:08:52.998 [info] <0.44.0> Application mime started on node nonode@nohost
2021-12-17 12:08:53.006 [info] <0.44.0> Application plug_crypto started on node nonode@nohost
2021-12-17 12:08:53.032 [info] <0.44.0> Application telemetry started on node nonode@nohost
2021-12-17 12:08:53.043 [info] <0.44.0> Application plug started on node nonode@nohost
2021-12-17 12:08:53.064 [info] <0.44.0> Application phoenix_pubsub started on node nonode@nohost
2021-12-17 12:08:53.065 [info] <0.44.0> Application phoenix_view started on node nonode@nohost
2021-12-17 12:08:53.114 [info] <0.44.0> Application phoenix started on node nonode@nohost
2021-12-17 12:08:53.115 [info] <0.44.0> Application decimal started on node nonode@nohost
2021-12-17 12:08:53.126 [info] <0.44.0> Application ecto started on node nonode@nohost
2021-12-17 12:08:53.131 [info] <0.44.0> Application phoenix_ecto started on node nonode@nohost
2021-12-17 12:08:53.135 [info] <0.44.0> Application connection started on node nonode@nohost
2021-12-17 12:08:53.167 [info] <0.44.0> Application db_connection started on node nonode@nohost
2021-12-17 12:08:53.172 [info] <0.44.0> Application ecto_sql started on node nonode@nohost
2021-12-17 12:08:53.216 [info] <0.44.0> Application postgrex started on node nonode@nohost
2021-12-17 12:08:53.223 [info] <0.44.0> Application phoenix_html started on node nonode@nohost
2021-12-17 12:08:53.229 [info] <0.44.0> Application phoenix_live_view started on node nonode@nohost
2021-12-17 12:08:53.229 [info] <0.44.0> Application telemetry_metrics started on node nonode@nohost
2021-12-17 12:08:53.243 [info] <0.44.0> Application phoenix_live_dashboard started on node nonode@nohost
2021-12-17 12:08:53.243 [info] <0.44.0> Application jason started on node nonode@nohost
2021-12-17 12:08:53.256 [info] <0.44.0> Application swoosh started on node nonode@nohost
2021-12-17 12:08:53.295 [info] <0.44.0> Application telemetry_poller started on node nonode@nohost
2021-12-17 12:08:53.295 [info] <0.44.0> Application cowlib started on node nonode@nohost
2021-12-17 12:08:53.317 [info] <0.44.0> Application ranch started on node nonode@nohost
2021-12-17 12:08:53.331 [info] <0.44.0> Application cowboy started on node nonode@nohost
2021-12-17 12:08:53.332 [info] <0.44.0> Application cowboy_telemetry started on node nonode@nohost
2021-12-17 12:08:53.338 [info] <0.44.0> Application plug_cowboy started on node nonode@nohost
2021-12-17 12:08:53.338 [info] <0.44.0> Application ex_json_schema started on node nonode@nohost
2021-12-17 12:08:53.343 [info] <0.44.0> Application phoenix_swagger started on node nonode@nohost
2021-12-17 12:08:53.344 [info] <0.44.0> Application poison started on node nonode@nohost
2021-12-17 12:08:53.344 [info] <0.44.0> Application cors_plug started on node nonode@nohost
2021-12-17 12:08:53.345 [info] <0.44.0> Application json started on node nonode@nohost
2021-12-17 12:08:53.788 [info] <0.44.0> Application hangman started on node nonode@nohost
2021-12-17 12:12:20.106 [info] <0.44.0> Application logger started on node nonode@nohost
2021-12-17 12:12:20.124 [info] <0.44.0> Application runtime_tools started on node nonode@nohost
2021-12-17 12:12:20.124 [info] <0.44.0> Application xmerl started on node nonode@nohost
2021-12-17 12:12:20.166 [info] <0.44.0> Application sasl started on node nonode@nohost
2021-12-17 12:12:20.166 [info] <0.44.0> Application tools started on node nonode@nohost
2021-12-17 12:12:20.166 [info] <0.44.0> Application jsx started on node nonode@nohost
2021-12-17 12:12:20.166 [info] <0.44.0> Application recon started on node nonode@nohost
2021-12-17 12:12:20.273 [info] <0.44.0> Application credentials_obfuscation started on node nonode@nohost
2021-12-17 12:12:20.273 [info] <0.44.0> Application rabbit_common started on node nonode@nohost
2021-12-17 12:12:20.303 [info] <0.44.0> Application amqp_client started on node nonode@nohost
2021-12-17 12:12:20.319 [info] <0.44.0> Application amqp started on node nonode@nohost
2021-12-17 12:12:20.319 [info] <0.44.0> Application eex started on node nonode@nohost
2021-12-17 12:12:20.352 [info] <0.44.0> Application mime started on node nonode@nohost
2021-12-17 12:12:20.356 [info] <0.44.0> Application plug_crypto started on node nonode@nohost
2021-12-17 12:12:20.380 [info] <0.44.0> Application telemetry started on node nonode@nohost
2021-12-17 12:12:20.388 [info] <0.44.0> Application plug started on node nonode@nohost
2021-12-17 12:12:20.405 [info] <0.44.0> Application phoenix_pubsub started on node nonode@nohost
2021-12-17 12:12:20.407 [info] <0.44.0> Application phoenix_view started on node nonode@nohost
2021-12-17 12:12:20.468 [info] <0.44.0> Application phoenix started on node nonode@nohost
2021-12-17 12:12:20.468 [info] <0.44.0> Application decimal started on node nonode@nohost
2021-12-17 12:12:20.477 [info] <0.44.0> Application ecto started on node nonode@nohost
2021-12-17 12:12:20.482 [info] <0.44.0> Application phoenix_ecto started on node nonode@nohost
2021-12-17 12:12:20.483 [info] <0.44.0> Application connection started on node nonode@nohost
2021-12-17 12:12:20.515 [info] <0.44.0> Application db_connection started on node nonode@nohost
2021-12-17 12:12:20.521 [info] <0.44.0> Application ecto_sql started on node nonode@nohost
2021-12-17 12:12:20.577 [info] <0.44.0> Application postgrex started on node nonode@nohost
2021-12-17 12:12:20.578 [info] <0.44.0> Application phoenix_html started on node nonode@nohost
2021-12-17 12:12:20.584 [info] <0.44.0> Application phoenix_live_view started on node nonode@nohost
2021-12-17 12:12:20.584 [info] <0.44.0> Application telemetry_metrics started on node nonode@nohost
2021-12-17 12:12:20.596 [info] <0.44.0> Application phoenix_live_dashboard started on node nonode@nohost
2021-12-17 12:12:20.597 [info] <0.44.0> Application jason started on node nonode@nohost
2021-12-17 12:12:20.609 [info] <0.44.0> Application swoosh started on node nonode@nohost
2021-12-17 12:12:20.623 [info] <0.44.0> Application telemetry_poller started on node nonode@nohost
2021-12-17 12:12:20.624 [info] <0.44.0> Application cowlib started on node nonode@nohost
2021-12-17 12:12:20.656 [info] <0.44.0> Application ranch started on node nonode@nohost
2021-12-17 12:12:20.672 [info] <0.44.0> Application cowboy started on node nonode@nohost
2021-12-17 12:12:20.673 [info] <0.44.0> Application cowboy_telemetry started on node nonode@nohost
2021-12-17 12:12:20.690 [info] <0.44.0> Application plug_cowboy started on node nonode@nohost
2021-12-17 12:12:20.691 [info] <0.44.0> Application ex_json_schema started on node nonode@nohost
2021-12-17 12:12:20.702 [info] <0.44.0> Application phoenix_swagger started on node nonode@nohost
2021-12-17 12:12:20.702 [info] <0.44.0> Application poison started on node nonode@nohost
2021-12-17 12:12:20.703 [info] <0.44.0> Application cors_plug started on node nonode@nohost
2021-12-17 12:12:20.703 [info] <0.44.0> Application json started on node nonode@nohost
2021-12-17 12:12:21.127 [info] <0.44.0> Application hangman started on node nonode@nohost
2021-12-17 12:38:58.424 [info] <0.44.0> Application logger started on node nonode@nohost
2021-12-17 12:38:58.441 [info] <0.44.0> Application runtime_tools started on node nonode@nohost
2021-12-17 12:38:58.441 [info] <0.44.0> Application xmerl started on node nonode@nohost
2021-12-17 12:38:58.468 [info] <0.44.0> Application sasl started on node nonode@nohost
2021-12-17 12:38:58.468 [info] <0.44.0> Application tools started on node nonode@nohost
2021-12-17 12:38:58.468 [info] <0.44.0> Application jsx started on node nonode@nohost
2021-12-17 12:38:58.468 [info] <0.44.0> Application recon started on node nonode@nohost
2021-12-17 12:38:58.583 [info] <0.44.0> Application credentials_obfuscation started on node nonode@nohost
2021-12-17 12:38:58.583 [info] <0.44.0> Application rabbit_common started on node nonode@nohost
2021-12-17 12:38:58.603 [info] <0.44.0> Application amqp_client started on node nonode@nohost
2021-12-17 12:38:58.615 [info] <0.44.0> Application amqp started on node nonode@nohost
2021-12-17 12:38:58.615 [info] <0.44.0> Application eex started on node nonode@nohost
2021-12-17 12:38:58.646 [info] <0.44.0> Application mime started on node nonode@nohost
2021-12-17 12:38:58.650 [info] <0.44.0> Application plug_crypto started on node nonode@nohost
2021-12-17 12:38:58.670 [info] <0.44.0> Application telemetry started on node nonode@nohost
2021-12-17 12:38:58.687 [info] <0.44.0> Application plug started on node nonode@nohost
2021-12-17 12:38:58.698 [info] <0.44.0> Application phoenix_pubsub started on node nonode@nohost
2021-12-17 12:38:58.698 [info] <0.44.0> Application phoenix_view started on node nonode@nohost
2021-12-17 12:38:58.734 [info] <0.44.0> Application phoenix started on node nonode@nohost
2021-12-17 12:38:58.734 [info] <0.44.0> Application decimal started on node nonode@nohost
2021-12-17 12:38:58.745 [info] <0.44.0> Application ecto started on node nonode@nohost
2021-12-17 12:38:58.748 [info] <0.44.0> Application phoenix_ecto started on node nonode@nohost
2021-12-17 12:38:58.749 [info] <0.44.0> Application connection started on node nonode@nohost
2021-12-17 12:38:58.764 [info] <0.44.0> Application db_connection started on node nonode@nohost
2021-12-17 12:38:58.768 [info] <0.44.0> Application ecto_sql started on node nonode@nohost
2021-12-17 12:38:58.801 [info] <0.44.0> Application postgrex started on node nonode@nohost
2021-12-17 12:38:58.802 [info] <0.44.0> Application phoenix_html started on node nonode@nohost
2021-12-17 12:38:58.806 [info] <0.44.0> Application phoenix_live_view started on node nonode@nohost
2021-12-17 12:38:58.809 [info] <0.44.0> Application telemetry_metrics started on node nonode@nohost
2021-12-17 12:38:58.837 [info] <0.44.0> Application phoenix_live_dashboard started on node nonode@nohost
2021-12-17 12:38:58.838 [info] <0.44.0> Application jason started on node nonode@nohost
2021-12-17 12:38:58.853 [info] <0.44.0> Application swoosh started on node nonode@nohost
2021-12-17 12:38:58.883 [info] <0.44.0> Application telemetry_poller started on node nonode@nohost
2021-12-17 12:38:58.885 [info] <0.44.0> Application cowlib started on node nonode@nohost
2021-12-17 12:38:58.909 [info] <0.44.0> Application ranch started on node nonode@nohost
2021-12-17 12:38:58.929 [info] <0.44.0> Application cowboy started on node nonode@nohost
2021-12-17 12:38:58.930 [info] <0.44.0> Application cowboy_telemetry started on node nonode@nohost
2021-12-17 12:38:58.936 [info] <0.44.0> Application plug_cowboy started on node nonode@nohost
2021-12-17 12:38:58.936 [info] <0.44.0> Application ex_json_schema started on node nonode@nohost
2021-12-17 12:38:58.944 [info] <0.44.0> Application phoenix_swagger started on node nonode@nohost
2021-12-17 12:38:58.945 [info] <0.44.0> Application poison started on node nonode@nohost
2021-12-17 12:38:58.945 [info] <0.44.0> Application cors_plug started on node nonode@nohost
2021-12-17 12:38:58.945 [info] <0.44.0> Application json started on node nonode@nohost
2021-12-17 12:38:59.352 [info] <0.44.0> Application hangman started on node nonode@nohost
